2024-09-10;
16:35:34.756;
[0] PING;
16:35:35.689;
[0/0] PONG (2).


2024-09-10;
16:35:38.629;
[1] PING;
16:35:39.195;
[3/1] PONG (2).


2024-09-10;
;
;
16:35:39.195;
[4] keepalive.


2024-09-10;
16:35:41.384;
[2] PING;
16:35:42.067;
[6/2] PONG (2).


2024-09-10;
16:35:42.501;
[3] PING;
16:35:43.230;
[7/3] PONG (2).


2024-09-10;
;
;
16:35:44.195;
[9] keepalive.


2024-09-10;
16:35:44.962;
[4] PING;
16:35:45.336;
[10/4] PONG (2).


2024-09-10;
16:35:46.368;
[5] PING;
16:35:46.955;
[11/5] PONG (2).


2024-09-10;
;
;
16:35:49.198;
[13] keepalive.


2024-09-10;
16:35:49.804;
[6] PING;
16:35:51.705;
(таймаут).


2024-09-10;
16:35:52.794;
[7] PING;
16:35:53.020;
[15/7] PONG (2).


2024-09-10;
;
;
16:35:54.200;
[16] keepalive.


2024-09-10;
16:35:54.383;
[8] PING;
16:35:56.285;
(таймаут).


2024-09-10;
16:35:57.172;
[9] PING;
16:35:57.941;
[18/9] PONG (2).


2024-09-10;
;
;
16:35:59.202;
[20] keepalive.


2024-09-10;
16:35:59.309;
[10] PING;
16:36:00.250;
[21/10] PONG (2).


2024-09-10;
16:36:02.927;
[11] PING;
16:36:03.701;
[23/11] PONG (2).


2024-09-10;
16:36:04.719;
[12] PING;
16:36:05.715;
[25/12] PONG (2).


2024-09-10;
;
;
16:36:05.716;
[26] keepalive.


2024-09-10;
16:36:07.566;
[13] PING;
16:36:07.715;
[29/13] PONG (2).


2024-09-10;
16:36:10.014;
[14] PING;
16:36:10.747;
[31/14] PONG (2).


2024-09-10;
;
;
16:36:10.748;
[32] keepalive.


2024-09-10;
16:36:11.691;
[15] PING;
16:36:12.287;
[34/15] PONG (2).


2024-09-10;
16:36:12.677;
[16] PING;
16:36:13.240;
[35/16] PONG (2).


2024-09-10;
16:36:13.729;
[17] PING;
16:36:14.250;
[36/17] PONG (2).


2024-09-10;
16:36:14.738;
[18] PING;
16:36:15.722;
[38/18] PONG (2).


2024-09-10;
;
;
16:36:15.750;
[39] keepalive.


2024-09-10;
16:36:17.641;
[19] PING;
16:36:18.638;
[41/19] PONG (2).


2024-09-10;
;
;
16:36:20.751;
[43] keepalive.


2024-09-10;
16:36:20.226;
[20] PING;
16:36:22.253;
(таймаут).


2024-09-10;
16:36:25.071;
[21] PING;
16:36:25.840;
[45/21] PONG (2).


2024-09-10;
;
;
16:36:26.599;
[47] keepalive.


2024-09-10;
16:36:27.151;
[22] PING;
16:36:27.949;
[48/22] PONG (2).


2024-09-10;
16:36:29.042;
[23] PING;
16:36:29.426;
[49/23] PONG (2).


2024-09-10;
16:36:31.519;
[24] PING;
16:36:31.850;
[51/24] PONG (2).


2024-09-10;
;
;
16:36:31.850;
[52] keepalive.


2024-09-10;
16:36:32.299;
[25] PING;
16:36:34.033;
[54/25] PONG (2).


2024-09-10;
16:36:34.550;
[26] PING;
16:36:36.451;
(таймаут).


2024-09-10;
;
;
16:36:36.855;
[55] keepalive.


2024-09-10;
16:36:37.716;
[27] PING;
16:36:38.652;
[56/27] PONG (2).


2024-09-10;
16:36:40.948;
[28] PING;
16:36:41.918;
[59/28] PONG (2).


2024-09-10;
;
;
16:36:41.918;
[60] keepalive.


2024-09-10;
16:36:42.333;
[29] PING;
16:36:43.042;
[61/29] PONG (2).


2024-09-10;
16:36:44.809;
[30] PING;
16:36:45.616;
[64/30] PONG (2).


2024-09-10;
16:36:46.136;
[31] PING;
16:36:46.372;
[65/31] PONG (2).


2024-09-10;
;
;
16:36:46.919;
[66] keepalive.


2024-09-10;
16:36:47.601;
[32] PING;
16:36:48.005;
[67/32] PONG (2).


2024-09-10;
16:36:49.223;
[33] PING;
16:36:50.050;
[68/33] PONG (2).


2024-09-10;
;
;
16:36:51.920;
[69] keepalive.


2024-09-10;
16:36:51.524;
[34] PING;
16:36:53.422;
(таймаут).


2024-09-10;
16:36:55.221;
[35] PING;
16:36:55.566;
[71/35] PONG (2).


2024-09-10;
;
;
16:36:56.923;
[72] keepalive.


2024-09-10;
16:36:56.954;
[36] PING;
16:36:57.188;
[73/36] PONG (2).


2024-09-10;
16:36:59.989;
[37] PING;
16:37:01.115;
[77/37] PONG (2).


2024-09-10;
;
;
16:37:01.925;
[78] keepalive.


2024-09-10;
16:37:02.341;
[38] PING;
16:37:02.875;
[79/38] PONG (2).


2024-09-10;
;
;
16:37:06.926;
[83] keepalive.


2024-09-10;
16:37:05.617;
[39] PING;
16:37:08.428;
(таймаут).


2024-09-10;
16:37:09.180;
[40] PING;
16:37:09.604;
[84/40] PONG (2).


2024-09-10;
16:37:10.681;
[41] PING;
16:37:10.993;
[85/41] PONG (2).


2024-09-10;
16:37:11.734;
[42] PING;
16:37:12.637;
[86/42] PONG (2).


2024-09-10;
;
;
16:37:12.638;
[87] keepalive.


2024-09-10;
16:37:12.996;
[43] PING;
16:37:13.157;
[89/43] PONG (2).


2024-09-10;
16:37:15.431;
[44] PING;
16:37:16.051;
[91/44] PONG (2).


2024-09-10;
16:37:17.125;
[45] PING;
16:37:18.101;
[92/45] PONG (2).


2024-09-10;
;
;
16:37:18.746;
[94] keepalive.


2024-09-10;
16:37:19.262;
[46] PING;
16:37:20.093;
[96/46] PONG (2).


2024-09-10;
16:37:23.071;
[47] PING;
16:37:23.954;
[98/47] PONG (2).


2024-09-10;
;
;
16:37:24.903;
[100] keepalive.


2024-09-10;
16:37:25.393;
[48] PING;
16:37:25.895;
[101/48] PONG (2).


2024-09-10;
16:37:26.926;
[49] PING;
16:37:27.285;
[102/49] PONG (2).


2024-09-10;
;
;
16:37:29.905;
[103] keepalive.


2024-09-10;
16:37:28.912;
[50] PING;
16:37:31.406;
(таймаут).


2024-09-10;
16:37:32.307;
[51] PING;
16:37:32.476;
[105/51] PONG (2).


2024-09-10;
16:37:33.896;
[52] PING;
16:37:35.169;
[108/52] PONG (2).


2024-09-10;
;
;
16:37:35.169;
[109] keepalive.


2024-09-10;
16:37:36.322;
[53] PING;
16:37:36.537;
[110/53] PONG (2).


2024-09-10;
16:37:38.473;
[54] PING;
16:37:38.643;
[112/54] PONG (2).


2024-09-10;
16:37:39.285;
[55] PING;
16:37:40.090;
[113/55] PONG (2).


2024-09-10;
;
;
16:37:40.893;
[115] keepalive.


2024-09-10;
16:37:41.490;
[56] PING;
16:37:41.594;
[116/56] PONG (2).


2024-09-10;
16:37:43.074;
[57] PING;
16:37:44.975;
(таймаут).


2024-09-10;
;
;
16:37:45.896;
[118] keepalive.


2024-09-10;
16:37:46.669;
[58] PING;
16:37:47.867;
[120/58] PONG (2).


2024-09-10;
16:37:50.201;
[59] PING;
16:37:50.864;
[121/59] PONG (2).


2024-09-10;
;
;
16:37:51.650;
[123] keepalive.


2024-09-10;
16:37:52.518;
[60] PING;
16:37:53.146;
[124/60] PONG (2).


2024-09-10;
16:37:55.301;
[61] PING;
16:37:55.904;
[127/61] PONG (2).


2024-09-10;
16:37:56.261;
[62] PING;
16:37:56.638;
[128/62] PONG (2).


2024-09-10;
;
;
16:37:56.651;
[129] keepalive.


2024-09-10;
16:37:57.688;
[63] PING;
16:37:57.897;
[131/63] PONG (2).


2024-09-10;
16:37:59.009;
[64] PING;
16:37:59.781;
[132/64] PONG (2).


2024-09-10;
16:38:00.585;
[65] PING;
16:38:01.402;
[134/65] PONG (2).


2024-09-10;
;
;
16:38:01.653;
[135] keepalive.


2024-09-10;
16:38:03.216;
[66] PING;
16:38:04.196;
[136/66] PONG (2).


2024-09-10;
16:38:04.553;
[67] PING;
16:38:04.658;
[137/67] PONG (2).


2024-09-10;
16:38:05.846;
[68] PING;
16:38:06.391;
[139/68] PONG (2).


2024-09-10;
;
;
16:38:06.654;
[140] keepalive.


2024-09-10;
16:38:08.952;
[69] PING;
16:38:09.430;
[142/69] PONG (2).


2024-09-10;
;
;
16:38:11.655;
[144] keepalive.


2024-09-10;
16:38:12.080;
[70] PING;
16:38:12.768;
[145/70] PONG (2).


2024-09-10;
16:38:13.390;
[71] PING;
16:38:13.690;
[146/71] PONG (2).


2024-09-10;
16:38:15.506;
[72] PING;
16:38:16.187;
[147/72] PONG (2).


2024-09-10;
;
;
16:38:17.143;
[149] keepalive.


2024-09-10;
16:38:17.931;
[73] PING;
16:38:18.103;
[150/73] PONG (2).


2024-09-10;
16:38:19.308;
[74] PING;
16:38:19.426;
[151/74] PONG (2).


2024-09-10;
16:38:20.767;
[75] PING;
16:38:20.897;
[153/75] PONG (2).


2024-09-10;
;
;
16:38:22.144;
[155] keepalive.


2024-09-10;
16:38:23.262;
[76] PING;
16:38:23.635;
[156/76] PONG (2).


2024-09-10;
16:38:25.221;
[77] PING;
16:38:26.193;
[158/77] PONG (2).


2024-09-10;
16:38:26.899;
[78] PING;
16:38:27.382;
[160/78] PONG (2).


2024-09-10;
;
;
16:38:27.382;
[161] keepalive.


2024-09-10;
16:38:30.018;
[79] PING;
16:38:30.869;
[163/79] PONG (2).


2024-09-10;
;
;
16:38:32.384;
[165] keepalive.


2024-09-10;
16:38:33.378;
[80] PING;
16:38:33.501;
[166/80] PONG (2).


2024-09-10;
16:38:36.276;
[81] PING;
16:38:37.134;
[168/81] PONG (2).


2024-09-10;
16:38:37.659;
[82] PING;
16:38:38.872;
[170/82] PONG (2).


2024-09-10;
;
;
16:38:38.872;
[171] keepalive.


2024-09-10;
16:38:41.451;
[83] PING;
16:38:42.314;
[173/83] PONG (2).


2024-09-10;
16:38:43.802;
[84] PING;
16:38:44.717;
[175/84] PONG (2).


2024-09-10;
;
;
16:38:44.717;
[176] keepalive.


2024-09-10;
16:38:47.669;
[85] PING;
16:38:47.819;
[178/85] PONG (2).


2024-09-10;
;
;
16:38:49.719;
[180] keepalive.


2024-09-10;
16:38:50.273;
[86] PING;
16:38:50.421;
[181/86] PONG (2).


2024-09-10;
16:38:52.077;
[87] PING;
16:38:52.334;
[183/87] PONG (2).


2024-09-10;
16:38:53.040;
[88] PING;
16:38:54.093;
[185/88] PONG (2).


2024-09-10;
;
;
16:38:54.721;
[186] keepalive.


2024-09-10;
16:38:55.538;
[89] PING;
16:38:57.114;
[188/89] PONG (2).


2024-09-10;
16:38:57.534;
[90] PING;
16:38:58.372;
[189/90] PONG (2).


2024-09-10;
16:38:59.076;
[91] PING;
16:38:59.190;
[191/91] PONG (2).


2024-09-10;
;
;
16:38:59.721;
[192] keepalive.


2024-09-10;
16:38:59.720;
[92] PING;
16:39:01.221;
(таймаут).


2024-09-10;
16:39:03.700;
[93] PING;
16:39:04.083;
[196/93] PONG (2).


2024-09-10;
;
;
16:39:04.722;
[197] keepalive.


2024-09-10;
16:39:06.743;
[94] PING;
16:39:07.592;
[199/94] PONG (2).


2024-09-10;
16:39:09.682;
[95] PING;
16:39:10.566;
[201/95] PONG (2).


2024-09-10;
;
;
16:39:10.740;
[203] keepalive.


2024-09-10;
16:39:11.133;
[96] PING;
16:39:13.035;
(таймаут).


2024-09-10;
;
;
16:39:15.948;
[206] keepalive.


2024-09-10;
16:39:15.199;
[97] PING;
16:39:17.449;
(таймаут).


2024-09-10;
;
;
16:39:20.949;
[209] keepalive.


2024-09-10;
16:39:19.110;
[98] PING;
16:39:22.451;
(таймаут).


2024-09-10;
16:39:25.250;
[99] PING;
16:39:26.416;
[213/99] PONG (2).


2024-09-10;
;
;
16:39:26.416;
[214] keepalive.


2024-09-10;
16:39:28.321;
[100] PING;
16:39:28.636;
[216/100] PONG (2).


2024-09-10;
;
;
16:39:31.418;
[219] keepalive.


2024-09-10;
16:39:31.532;
[101] PING;
16:39:31.775;
[220/101] PONG (2).


2024-09-10;
16:39:34.312;
[102] PING;
16:39:34.919;
[222/102] PONG (2).


2024-09-10;
16:39:35.815;
[103] PING;
16:39:35.969;
[224/103] PONG (2).


2024-09-10;
;
;
16:39:36.419;
[225] keepalive.


2024-09-10;
16:39:36.733;
[104] PING;
16:39:36.881;
[227/104] PONG (2).


2024-09-10;
16:39:37.908;
[105] PING;
16:39:38.875;
[228/105] PONG (2).


2024-09-10;
16:39:41.373;
[106] PING;
16:39:41.775;
[230/106] PONG (2).


2024-09-10;
;
;
16:39:41.775;
[231] keepalive.


2024-09-10;
16:39:42.720;
[107] PING;
16:39:44.623;
(таймаут).


2024-09-10;
16:39:46.518;
[108] PING;
16:39:46.866;
[234/108] PONG (2).


2024-09-10;
;
;
16:39:47.143;
[236] keepalive.


2024-09-10;
16:39:49.339;
[109] PING;
16:39:50.284;
[239/109] PONG (2).


2024-09-10;
16:39:52.370;
[110] PING;
16:39:52.871;
[242/110] PONG (2).


2024-09-10;
;
;
16:39:52.872;
[243] keepalive.


2024-09-10;
16:39:53.228;
[111] PING;
16:39:54.167;
[244/111] PONG (2).


2024-09-10;
16:39:56.236;
[112] PING;
16:39:56.609;
[247/112] PONG (2).


2024-09-10;
;
;
16:39:57.875;
[248] keepalive.


2024-09-10;
16:39:59.121;
[113] PING;
16:39:59.316;
[250/113] PONG (2).


2024-09-10;
16:40:00.410;
[114] PING;
16:40:00.766;
[251/114] PONG (2).


2024-09-10;
;
;
16:40:02.877;
[252] keepalive.


2024-09-10;
16:40:01.889;
[115] PING;
16:40:04.378;
(таймаут).


2024-09-10;
16:40:04.807;
[116] PING;
16:40:05.903;
[254/116] PONG (2).


2024-09-10;
16:40:06.216;
[117] PING;
16:40:06.991;
[256/117] PONG (2).


2024-09-10;
;
;
16:40:07.878;
[257] keepalive.


2024-09-10;
16:40:09.944;
[118] PING;
16:40:10.123;
[259/118] PONG (2).


2024-09-10;
16:40:11.684;
[119] PING;
16:40:12.663;
[260/119] PONG (2).


2024-09-10;
;
;
16:40:12.878;
[261] keepalive.


2024-09-10;
16:40:15.345;
[120] PING;
16:40:15.638;
[262/120] PONG (2).


2024-09-10;
16:40:16.067;
[121] PING;
16:40:16.914;
[263/121] PONG (2).


2024-09-10;
;
;
16:40:17.880;
[265] keepalive.


2024-09-10;
16:40:19.743;
[122] PING;
16:40:21.644;
(таймаут).


2024-09-10;
16:40:22.631;
[123] PING;
16:40:23.244;
[268/123] PONG (2).


2024-09-10;
;
;
16:40:23.245;
[269] keepalive.


2024-09-10;
16:40:25.736;
[124] PING;
16:40:26.425;
[270/124] PONG (2).


2024-09-10;
16:40:27.539;
[125] PING;
16:40:27.651;
[271/125] PONG (2).


2024-09-10;
16:40:28.166;
[126] PING;
16:40:28.900;
[273/126] PONG (2).


2024-09-10;
;
;
16:40:28.900;
[274] keepalive.


2024-09-10;
16:40:31.444;
[127] PING;
16:40:32.101;
[276/127] PONG (2).


