2024-09-10;
16:35:35.764;
[0] PING;
16:35:36.093;
[1/0] PONG (1).


2024-09-10;
16:35:37.777;
[1] PING;
16:35:38.696;
[2/1] PONG (1).


2024-09-10;
;
;
16:35:39.195;
[4] keepalive.


2024-09-10;
16:35:40.238;
[2] PING;
16:35:41.228;
[5/2] PONG (1).


2024-09-10;
16:35:42.651;
[3] PING;
16:35:44.050;
[8/3] PONG (1).


2024-09-10;
;
;
16:35:44.195;
[9] keepalive.


2024-09-10;
16:35:46.884;
[4] PING;
16:35:47.819;
[12/4] PONG (1).


2024-09-10;
;
;
16:35:49.197;
[13] keepalive.


2024-09-10;
16:35:49.199;
[5] PING;
16:35:49.511;
[14/5] PONG (1).


2024-09-10;
16:35:51.636;
[6] PING;
16:35:53.538;
(таймаут).


2024-09-10;
;
;
16:35:54.200;
[16] keepalive.


2024-09-10;
16:35:56.015;
[7] PING;
16:35:56.180;
[17/7] PONG (1).


2024-09-10;
16:35:57.247;
[8] PING;
16:35:58.351;
[19/8] PONG (1).


2024-09-10;
;
;
16:35:59.202;
[20] keepalive.


2024-09-10;
16:36:00.694;
[9] PING;
16:36:01.561;
[22/9] PONG (1).


2024-09-10;
16:36:04.156;
[10] PING;
16:36:04.793;
[24/10] PONG (1).


2024-09-10;
;
;
16:36:05.716;
[26] keepalive.


2024-09-10;
16:36:06.292;
[11] PING;
16:36:06.398;
[27/11] PONG (1).


2024-09-10;
16:36:07.071;
[12] PING;
16:36:07.203;
[28/12] PONG (1).


2024-09-10;
16:36:08.968;
[13] PING;
16:36:09.388;
[30/13] PONG (1).


2024-09-10;
;
;
16:36:10.748;
[32] keepalive.


2024-09-10;
16:36:11.519;
[14] PING;
16:36:12.174;
[33/14] PONG (1).


2024-09-10;
16:36:13.948;
[15] PING;
16:36:15.139;
[37/15] PONG (1).


2024-09-10;
;
;
16:36:15.749;
[39] keepalive.


2024-09-10;
16:36:16.939;
[16] PING;
16:36:17.565;
[40/16] PONG (1).


2024-09-10;
16:36:19.478;
[17] PING;
16:36:19.870;
[42/17] PONG (1).


2024-09-10;
;
;
16:36:20.751;
[43] keepalive.


2024-09-10;
16:36:22.502;
[18] PING;
16:36:22.779;
[44/18] PONG (1).


2024-09-10;
16:36:25.708;
[19] PING;
16:36:26.598;
[46/19] PONG (1).


2024-09-10;
;
;
16:36:26.599;
[47] keepalive.


2024-09-10;
16:36:27.221;
[20] PING;
16:36:29.121;
(таймаут).


2024-09-10;
16:36:30.134;
[21] PING;
16:36:30.716;
[50/21] PONG (1).


2024-09-10;
;
;
16:36:31.850;
[52] keepalive.


2024-09-10;
16:36:32.294;
[22] PING;
16:36:33.200;
[53/22] PONG (1).


2024-09-10;
16:36:34.352;
[23] PING;
16:36:36.256;
(таймаут).


2024-09-10;
;
;
16:36:36.854;
[55] keepalive.


2024-09-10;
16:36:37.999;
[24] PING;
16:36:39.544;
[57/24] PONG (1).


2024-09-10;
16:36:40.724;
[25] PING;
16:36:41.237;
[58/25] PONG (1).


2024-09-10;
;
;
16:36:41.918;
[60] keepalive.


2024-09-10;
16:36:43.720;
[26] PING;
16:36:44.085;
[62/26] PONG (1).


2024-09-10;
16:36:44.456;
[27] PING;
16:36:44.822;
[63/27] PONG (1).


2024-09-10;
;
;
16:36:46.919;
[66] keepalive.


2024-09-10;
16:36:47.345;
[28] PING;
16:36:49.246;
(таймаут).


2024-09-10;
;
;
16:36:51.920;
[69] keepalive.


2024-09-10;
16:36:51.700;
[29] PING;
16:36:53.422;
(таймаут).


2024-09-10;
16:36:54.539;
[30] PING;
16:36:55.253;
[70/30] PONG (1).


2024-09-10;
;
;
16:36:56.922;
[72] keepalive.


2024-09-10;
16:36:57.273;
[31] PING;
16:36:58.192;
[74/31] PONG (1).


2024-09-10;
16:36:58.904;
[32] PING;
16:36:59.633;
[75/32] PONG (1).


2024-09-10;
16:36:59.988;
[33] PING;
16:37:00.455;
[76/33] PONG (1).


2024-09-10;
;
;
16:37:01.924;
[78] keepalive.


2024-09-10;
16:37:03.283;
[34] PING;
16:37:04.087;
[80/34] PONG (1).


2024-09-10;
16:37:05.314;
[35] PING;
16:37:06.065;
[81/35] PONG (1).


2024-09-10;
16:37:06.652;
[36] PING;
16:37:06.868;
[82/36] PONG (1).


2024-09-10;
;
;
16:37:06.926;
[83] keepalive.


2024-09-10;
16:37:09.000;
[37] PING;
16:37:10.901;
(таймаут).


2024-09-10;
;
;
16:37:12.638;
[87] keepalive.


2024-09-10;
16:37:12.641;
[38] PING;
16:37:13.054;
[88/38] PONG (1).


2024-09-10;
16:37:14.481;
[39] PING;
16:37:14.820;
[90/39] PONG (1).


2024-09-10;
16:37:17.474;
[40] PING;
16:37:18.746;
[93/40] PONG (1).


2024-09-10;
;
;
16:37:18.746;
[94] keepalive.


2024-09-10;
16:37:19.259;
[41] PING;
16:37:19.975;
[95/41] PONG (1).


2024-09-10;
16:37:20.959;
[42] PING;
16:37:21.135;
[97/42] PONG (1).


2024-09-10;
16:37:23.095;
[43] PING;
16:37:24.903;
[99/43] PONG (1).


2024-09-10;
;
;
16:37:24.903;
[100] keepalive.


2024-09-10;
16:37:27.811;
[44] PING;
16:37:29.713;
(таймаут).


2024-09-10;
;
;
16:37:29.905;
[103] keepalive.


2024-09-10;
16:37:30.799;
[45] PING;
16:37:31.408;
[104/45] PONG (1).


2024-09-10;
16:37:32.422;
[46] PING;
16:37:32.588;
[106/46] PONG (1).


2024-09-10;
16:37:33.868;
[47] PING;
16:37:34.681;
[107/47] PONG (1).


2024-09-10;
;
;
16:37:35.169;
[109] keepalive.


2024-09-10;
16:37:37.646;
[48] PING;
16:37:38.400;
[111/48] PONG (1).


2024-09-10;
16:37:39.421;
[49] PING;
16:37:40.892;
[114/49] PONG (1).


2024-09-10;
;
;
16:37:40.892;
[115] keepalive.


2024-09-10;
16:37:43.733;
[50] PING;
16:37:43.987;
[117/50] PONG (1).


2024-09-10;
;
;
16:37:45.896;
[118] keepalive.


2024-09-10;
16:37:46.474;
[51] PING;
16:37:47.277;
[119/51] PONG (1).


2024-09-10;
16:37:50.212;
[52] PING;
16:37:51.650;
[122/52] PONG (1).


2024-09-10;
;
;
16:37:51.650;
[123] keepalive.


2024-09-10;
16:37:53.829;
[53] PING;
16:37:54.769;
[125/53] PONG (1).


2024-09-10;
16:37:55.187;
[54] PING;
16:37:55.342;
[126/54] PONG (1).


2024-09-10;
;
;
16:37:56.651;
[129] keepalive.


2024-09-10;
16:37:57.138;
[55] PING;
16:37:57.761;
[130/55] PONG (1).


2024-09-10;
16:37:59.272;
[56] PING;
16:38:00.703;
[133/56] PONG (1).


2024-09-10;
;
;
16:38:01.653;
[135] keepalive.


2024-09-10;
16:38:01.580;
[57] PING;
16:38:03.155;
(таймаут).


2024-09-10;
16:38:05.435;
[58] PING;
16:38:05.552;
[138/58] PONG (1).


2024-09-10;
;
;
16:38:06.653;
[140] keepalive.


2024-09-10;
16:38:07.287;
[59] PING;
16:38:08.223;
[141/59] PONG (1).


2024-09-10;
16:38:10.546;
[60] PING;
16:38:10.916;
[143/60] PONG (1).


2024-09-10;
;
;
16:38:11.655;
[144] keepalive.


2024-09-10;
16:38:11.880;
[61] PING;
16:38:13.782;
(таймаут).


2024-09-10;
16:38:16.544;
[62] PING;
16:38:17.142;
[148/62] PONG (1).


2024-09-10;
;
;
16:38:17.143;
[149] keepalive.


2024-09-10;
16:38:19.714;
[63] PING;
16:38:19.875;
[152/63] PONG (1).


2024-09-10;
16:38:21.279;
[64] PING;
16:38:21.993;
[154/64] PONG (1).


2024-09-10;
;
;
16:38:22.144;
[155] keepalive.


2024-09-10;
16:38:23.685;
[65] PING;
16:38:24.360;
[157/65] PONG (1).


2024-09-10;
16:38:25.512;
[66] PING;
16:38:27.134;
[159/66] PONG (1).


2024-09-10;
;
;
16:38:27.382;
[161] keepalive.


2024-09-10;
16:38:29.436;
[67] PING;
16:38:29.773;
[162/67] PONG (1).


2024-09-10;
16:38:31.118;
[68] PING;
16:38:31.363;
[164/68] PONG (1).


2024-09-10;
;
;
16:38:32.384;
[165] keepalive.


2024-09-10;
16:38:33.842;
[69] PING;
16:38:34.687;
[167/69] PONG (1).


2024-09-10;
16:38:36.676;
[70] PING;
16:38:38.102;
[169/70] PONG (1).


2024-09-10;
;
;
16:38:38.873;
[171] keepalive.


2024-09-10;
16:38:38.632;
[71] PING;
16:38:40.374;
(таймаут).


2024-09-10;
16:38:41.087;
[72] PING;
16:38:41.723;
[172/72] PONG (1).


2024-09-10;
16:38:42.275;
[73] PING;
16:38:42.991;
[174/73] PONG (1).


2024-09-10;
;
;
16:38:44.717;
[176] keepalive.


2024-09-10;
16:38:44.856;
[74] PING;
16:38:45.355;
[177/74] PONG (1).


2024-09-10;
16:38:48.336;
[75] PING;
16:38:48.799;
[179/75] PONG (1).


2024-09-10;
;
;
16:38:49.719;
[180] keepalive.


2024-09-10;
16:38:50.284;
[76] PING;
16:38:50.657;
[182/76] PONG (1).


2024-09-10;
16:38:52.904;
[77] PING;
16:38:53.136;
[184/77] PONG (1).


2024-09-10;
;
;
16:38:54.720;
[186] keepalive.


2024-09-10;
16:38:55.470;
[78] PING;
16:38:56.199;
[187/78] PONG (1).


2024-09-10;
16:38:58.225;
[79] PING;
16:38:58.533;
[190/79] PONG (1).


2024-09-10;
;
;
16:38:59.720;
[192] keepalive.


2024-09-10;
16:39:00.486;
[80] PING;
16:39:00.917;
[193/80] PONG (1).


2024-09-10;
16:39:01.522;
[81] PING;
16:39:01.706;
[194/81] PONG (1).


2024-09-10;
16:39:02.510;
[82] PING;
16:39:02.999;
[195/82] PONG (1).


2024-09-10;
;
;
16:39:04.722;
[197] keepalive.


2024-09-10;
16:39:05.255;
[83] PING;
16:39:05.611;
[198/83] PONG (1).


2024-09-10;
16:39:06.997;
[84] PING;
16:39:08.369;
[200/84] PONG (1).


2024-09-10;
16:39:10.348;
[85] PING;
16:39:10.740;
[202/85] PONG (1).


2024-09-10;
;
;
16:39:10.740;
[203] keepalive.


2024-09-10;
16:39:11.728;
[86] PING;
16:39:12.479;
[204/86] PONG (1).


2024-09-10;
16:39:15.348;
[87] PING;
16:39:15.947;
[205/87] PONG (1).


2024-09-10;
;
;
16:39:15.948;
[206] keepalive.


2024-09-10;
16:39:16.430;
[88] PING;
16:39:17.237;
[207/88] PONG (1).


2024-09-10;
16:39:19.971;
[89] PING;
16:39:20.228;
[208/89] PONG (1).


2024-09-10;
;
;
16:39:20.949;
[209] keepalive.


2024-09-10;
16:39:22.795;
[90] PING;
16:39:23.540;
[210/90] PONG (1).


2024-09-10;
16:39:24.119;
[91] PING;
16:39:24.581;
[211/91] PONG (1).


2024-09-10;
16:39:24.888;
[92] PING;
16:39:25.620;
[212/92] PONG (1).


2024-09-10;
;
;
16:39:26.416;
[214] keepalive.


2024-09-10;
16:39:26.780;
[93] PING;
16:39:27.605;
[215/93] PONG (1).


2024-09-10;
16:39:28.487;
[94] PING;
16:39:28.987;
[217/94] PONG (1).


2024-09-10;
16:39:29.569;
[95] PING;
16:39:29.670;
[218/95] PONG (1).


2024-09-10;
;
;
16:39:31.418;
[219] keepalive.


2024-09-10;
16:39:32.016;
[96] PING;
16:39:32.727;
[221/96] PONG (1).


2024-09-10;
16:39:35.280;
[97] PING;
16:39:35.460;
[223/97] PONG (1).


2024-09-10;
;
;
16:39:36.419;
[225] keepalive.


2024-09-10;
16:39:36.608;
[98] PING;
16:39:36.768;
[226/98] PONG (1).


2024-09-10;
16:39:38.963;
[99] PING;
16:39:39.453;
[229/99] PONG (1).


2024-09-10;
;
;
16:39:41.775;
[231] keepalive.


2024-09-10;
16:39:42.212;
[100] PING;
16:39:42.466;
[232/100] PONG (1).


2024-09-10;
16:39:45.109;
[101] PING;
16:39:46.081;
[233/101] PONG (1).


2024-09-10;
16:39:46.783;
[102] PING;
16:39:47.142;
[235/102] PONG (1).


2024-09-10;
;
;
16:39:47.143;
[236] keepalive.


2024-09-10;
16:39:47.445;
[103] PING;
16:39:47.653;
[237/103] PONG (1).


2024-09-10;
16:39:47.975;
[104] PING;
16:39:48.271;
[238/104] PONG (1).


2024-09-10;
16:39:49.922;
[105] PING;
16:39:50.874;
[240/105] PONG (1).


2024-09-10;
16:39:51.624;
[106] PING;
16:39:52.622;
[241/106] PONG (1).


2024-09-10;
;
;
16:39:52.872;
[243] keepalive.


2024-09-10;
16:39:53.696;
[107] PING;
16:39:55.056;
[245/107] PONG (1).


2024-09-10;
16:39:55.904;
[108] PING;
16:39:56.350;
[246/108] PONG (1).


2024-09-10;
;
;
16:39:57.875;
[248] keepalive.


2024-09-10;
16:39:58.452;
[109] PING;
16:39:58.710;
[249/109] PONG (1).


2024-09-10;
16:39:59.832;
[110] PING;
16:40:01.734;
(таймаут).


2024-09-10;
;
;
16:40:02.877;
[252] keepalive.


2024-09-10;
16:40:04.636;
[111] PING;
16:40:05.227;
[253/111] PONG (1).


2024-09-10;
16:40:05.567;
[112] PING;
16:40:06.573;
[255/112] PONG (1).


2024-09-10;
;
;
16:40:07.878;
[257] keepalive.


2024-09-10;
16:40:08.672;
[113] PING;
16:40:09.530;
[258/113] PONG (1).


2024-09-10;
;
;
16:40:12.878;
[261] keepalive.


2024-09-10;
16:40:11.522;
[114] PING;
16:40:14.380;
(таймаут).


2024-09-10;
16:40:16.078;
[115] PING;
16:40:17.471;
[264/115] PONG (1).


2024-09-10;
;
;
16:40:17.880;
[265] keepalive.


2024-09-10;
16:40:18.286;
[116] PING;
16:40:18.441;
[266/116] PONG (1).


2024-09-10;
16:40:18.956;
[117] PING;
16:40:19.844;
[267/117] PONG (1).


2024-09-10;
;
;
16:40:23.245;
[269] keepalive.


2024-09-10;
16:40:21.587;
[118] PING;
16:40:24.746;
(таймаут).


2024-09-10;
16:40:27.740;
[119] PING;
16:40:28.165;
[272/119] PONG (1).


2024-09-10;
;
;
16:40:28.900;
[274] keepalive.


2024-09-10;
16:40:29.438;
[120] PING;
16:40:29.904;
[275/120] PONG (1).


2024-09-10;
16:40:31.799;
[121] PING;
16:40:32.302;
[277/121] PONG (1).


