2024-09-10;
17:50:11.501;
[0] PING;
17:50:11.661;
[0/0] PONG (1);


2024-09-10;
17:50:11.945;
[0] PING;
17:50:12.534;
[1/0] PONG (2);


2024-09-10;
17:50:13.416;
[1] PING;
17:50:13.707;
[2/1] PONG (1);


2024-09-10;
17:50:13.794;
[1] PING;
17:50:14.753;
[3/1] PONG (2);


2024-09-10;
17:50:14.754;
[2] PING;
17:50:15.274;
[4/2] PONG (1);


2024-09-10;
17:50:16.255;
[2] PING;
17:50:16.488;
[6/2] PONG (2);


2024-09-10;
17:50:17.254;
[3] PING;
17:50:18.007;
[7/3] PONG (1);


2024-09-10;
17:50:18.733;
[3] PING;
17:50:19.306;
[8/3] PONG (2);


2024-09-10;
17:50:19.484;
[4] PING;
17:50:20.310;
[9/4] PONG (1);


2024-09-10;
17:50:20.310;
[4] PING;
17:50:20.698;
[10/4] PONG (2);


2024-09-10;
17:50:20.759;
[5] PING;
17:50:21.298;
[12/5] PONG (1);


2024-09-10;
17:50:21.463;
[5] PING;
17:50:21.751;
[13/5] PONG (2);


2024-09-10;
17:50:22.853;
[6] PING;
17:50:23.139;
[14/6] PONG (1);


2024-09-10;
17:50:24.075;
[6] PING;
(проигнорировано);
(проигнорировано);


2024-09-10;
17:50:25.502;
[7] PING;
17:50:25.791;
[15/7] PONG (1);


2024-09-10;
17:50:27.711;
[8] PING;
17:50:28.002;
[17/8] PONG (1);


2024-09-10;
17:50:28.498;
[7] PING;
17:50:29.015;
[18/7] PONG (2);


2024-09-10;
17:50:30.069;
[8] PING;
17:50:30.231;
[19/8] PONG (2);


2024-09-10;
17:50:30.306;
[9] PING;
17:50:31.087;
[20/9] PONG (1);


2024-09-10;
17:50:31.338;
[9] PING;
(проигнорировано);
(проигнорировано);


2024-09-10;
17:50:33.239;
[10] PING;
17:50:33.761;
[22/10] PONG (1);


2024-09-10;
17:50:33.761;
[10] PING;
17:50:33.877;
[23/10] PONG (2);


2024-09-10;
17:50:35.750;
[11] PING;
17:50:36.370;
[24/11] PONG (1);


2024-09-10;
17:50:36.796;
[11] PING;
(проигнорировано);
(проигнорировано);


2024-09-10;
17:50:37.400;
[12] PING;
17:50:37.981;
[26/12] PONG (1);


2024-09-10;
17:50:38.613;
[13] PING;
17:50:39.154;
[27/13] PONG (1);


2024-09-10;
17:50:39.822;
[14] PING;
17:50:40.449;
[28/14] PONG (1);


2024-09-10;
17:50:40.503;
[12] PING;
17:50:41.356;
[29/12] PONG (2);


2024-09-10;
17:50:43.281;
[15] PING;
17:50:43.997;
[31/15] PONG (1);


2024-09-10;
17:50:44.208;
[13] PING;
(проигнорировано);
(проигнорировано);


2024-09-10;
17:50:45.817;
[16] PING;
17:50:46.062;
[32/16] PONG (1);


2024-09-10;
17:50:46.467;
[14] PING;
17:50:47.452;
[34/14] PONG (2);


2024-09-10;
17:50:48.902;
[17] PING;
17:50:49.243;
[35/17] PONG (1);


2024-09-10;
17:50:49.305;
[15] PING;
17:50:50.169;
[36/15] PONG (2);


2024-09-10;
17:50:50.170;
[18] PING;
17:50:50.703;
[37/18] PONG (1);


2024-09-10;
17:50:50.872;
[16] PING;
17:50:51.749;
[38/16] PONG (2);


2024-09-10;
17:50:51.750;
[19] PING;
17:50:52.333;
[39/19] PONG (1);


2024-09-10;
17:50:53.754;
[17] PING;
17:50:53.934;
[41/17] PONG (2);


2024-09-10;
17:50:54.396;
[20] PING;
17:50:55.353;
[42/20] PONG (1);


2024-09-10;
17:50:55.354;
[18] PING;
17:50:55.683;
[43/18] PONG (2);


2024-09-10;
17:50:57.576;
[19] PING;
17:50:58.042;
[45/19] PONG (2);


2024-09-10;
17:50:58.043;
[21] PING;
17:50:58.482;
[46/21] PONG (1);


2024-09-10;
17:51:00.107;
[22] PING;
17:51:00.680;
[47/22] PONG (1);


2024-09-10;
17:51:00.680;
[20] PING;
17:51:01.031;
[48/20] PONG (2);


2024-09-10;
17:51:01.914;
[21] PING;
17:51:02.064;
[49/21] PONG (2);


2024-09-10;
17:51:02.950;
[22] PING;
17:51:03.499;
[51/22] PONG (2);


2024-09-10;
17:51:03.500;
[23] PING;
17:51:03.943;
[52/23] PONG (1);


2024-09-10;
17:51:04.628;
[23] PING;
17:51:05.060;
[53/23] PONG (2);


2024-09-10;
17:51:05.060;
[24] PING;
17:51:05.680;
[54/24] PONG (1);


2024-09-10;
17:51:05.680;
[24] PING;
17:51:06.405;
[55/24] PONG (2);


2024-09-10;
17:51:06.911;
[25] PING;
(проигнорировано);
(проигнорировано);


2024-09-10;
17:51:08.515;
[25] PING;
17:51:09.374;
[57/25] PONG (2);


2024-09-10;
17:51:11.626;
[26] PING;
17:51:11.895;
[58/26] PONG (1);


2024-09-10;
17:51:11.949;
[26] PING;
17:51:12.074;
[59/26] PONG (2);


2024-09-10;
17:51:12.991;
[27] PING;
17:51:13.784;
[61/27] PONG (1);


2024-09-10;
17:51:14.313;
[27] PING;
17:51:14.864;
[62/27] PONG (2);


2024-09-10;
17:51:15.059;
[28] PING;
17:51:15.677;
[63/28] PONG (1);


2024-09-10;
17:51:17.548;
[28] PING;
17:51:17.949;
[65/28] PONG (2);


2024-09-10;
17:51:17.949;
[29] PING;
17:51:18.546;
[66/29] PONG (1);


2024-09-10;
17:51:18.881;
[30] PING;
17:51:19.289;
[67/30] PONG (1);


2024-09-10;
17:51:19.976;
[29] PING;
17:51:20.511;
[68/29] PONG (2);


2024-09-10;
17:51:20.511;
[31] PING;
17:51:21.250;
[69/31] PONG (1);


2024-09-10;
17:51:21.387;
[30] PING;
17:51:21.922;
[70/30] PONG (2);


2024-09-10;
17:51:21.950;
[32] PING;
(проигнорировано);
(проигнорировано);


2024-09-10;
17:51:22.906;
[31] PING;
17:51:23.879;
[72/31] PONG (2);


2024-09-10;
17:51:24.238;
[32] PING;
(проигнорировано);
(проигнорировано);


2024-09-10;
17:51:25.293;
[33] PING;
17:51:25.954;
[73/33] PONG (1);


2024-09-10;
17:51:26.765;
[34] PING;
17:51:27.496;
[74/34] PONG (1);


2024-09-10;
17:51:28.215;
[33] PING;
17:51:29.091;
[76/33] PONG (2);


2024-09-10;
17:51:29.091;
[35] PING;
17:51:29.718;
[77/35] PONG (1);


2024-09-10;
17:51:31.244;
[34] PING;
17:51:31.929;
[78/34] PONG (2);


2024-09-10;
17:51:32.688;
[36] PING;
(проигнорировано);
(проигнорировано);


2024-09-10;
17:51:34.707;
[35] PING;
(проигнорировано);
(проигнорировано);


2024-09-10;
17:51:36.422;
[37] PING;
17:51:37.340;
[80/37] PONG (1);


2024-09-10;
17:51:39.351;
[36] PING;
17:51:40.207;
[82/36] PONG (2);


2024-09-10;
17:51:40.207;
[38] PING;
(проигнорировано);
(проигнорировано);


2024-09-10;
17:51:41.309;
[37] PING;
17:51:41.661;
[83/37] PONG (2);


2024-09-10;
17:51:42.501;
[38] PING;
17:51:43.131;
[84/38] PONG (2);


2024-09-10;
17:51:44.007;
[39] PING;
17:51:44.317;
[86/39] PONG (1);


2024-09-10;
17:51:45.768;
[39] PING;
(проигнорировано);
(проигнорировано);


2024-09-10;
17:51:46.722;
[40] PING;
17:51:47.705;
[87/40] PONG (1);


2024-09-10;
17:51:48.187;
[40] PING;
17:51:48.949;
[89/40] PONG (2);


2024-09-10;
17:51:50.476;
[41] PING;
(проигнорировано);
(проигнорировано);


2024-09-10;
17:51:50.541;
[41] PING;
(проигнорировано);
(проигнорировано);


2024-09-10;
17:51:53.453;
[42] PING;
17:51:53.995;
[91/42] PONG (1);


2024-09-10;
17:51:55.425;
[42] PING;
17:51:56.118;
[92/42] PONG (2);


2024-09-10;
17:51:56.883;
[43] PING;
17:51:57.428;
[93/43] PONG (1);


2024-09-10;
17:51:57.765;
[43] PING;
17:51:57.918;
[94/43] PONG (2);


2024-09-10;
17:51:58.716;
[44] PING;
17:51:58.972;
[96/44] PONG (1);


2024-09-10;
17:51:59.087;
[44] PING;
17:52:00.085;
[97/44] PONG (2);


2024-09-10;
17:52:01.057;
[45] PING;
17:52:01.242;
[98/45] PONG (1);


2024-09-10;
17:52:02.757;
[45] PING;
17:52:03.368;
[99/45] PONG (2);


2024-09-10;
17:52:03.369;
[46] PING;
17:52:03.842;
[100/46] PONG (1);


2024-09-10;
17:52:05.008;
[46] PING;
17:52:05.267;
[102/46] PONG (2);


2024-09-10;
17:52:05.749;
[47] PING;
17:52:06.090;
[103/47] PONG (1);


2024-09-10;
17:52:06.664;
[48] PING;
17:52:07.508;
[104/48] PONG (1);


2024-09-10;
17:52:07.509;
[47] PING;
17:52:08.216;
[105/47] PONG (2);


2024-09-10;
17:52:08.906;
[49] PING;
17:52:09.269;
[107/49] PONG (1);


2024-09-10;
17:52:09.269;
[48] PING;
17:52:10.164;
[108/48] PONG (2);


2024-09-10;
17:52:10.907;
[50] PING;
17:52:11.285;
[109/50] PONG (1);


2024-09-10;
17:52:11.451;
[49] PING;
(проигнорировано);
(проигнорировано);


2024-09-10;
17:52:13.187;
[51] PING;
17:52:13.432;
[110/51] PONG (1);


2024-09-10;
17:52:15.356;
[52] PING;
17:52:15.520;
[112/52] PONG (1);


2024-09-10;
17:52:16.000;
[50] PING;
(проигнорировано);
(проигнорировано);


2024-09-10;
17:52:17.983;
[53] PING;
17:52:18.526;
[113/53] PONG (1);


2024-09-10;
17:52:19.914;
[51] PING;
17:52:20.845;
[115/51] PONG (2);


2024-09-10;
17:52:21.189;
[54] PING;
17:52:22.189;
[116/54] PONG (1);


2024-09-10;
17:52:22.190;
[52] PING;
17:52:22.440;
[117/52] PONG (2);


2024-09-10;
17:52:24.942;
[53] PING;
17:52:25.176;
[119/53] PONG (2);


2024-09-10;
17:52:25.177;
[55] PING;
17:52:25.944;
[120/55] PONG (1);


2024-09-10;
17:52:26.792;
[54] PING;
(проигнорировано);
(проигнорировано);


2024-09-10;
17:52:27.197;
[56] PING;
17:52:27.546;
[121/56] PONG (1);


2024-09-10;
17:52:28.196;
[57] PING;
17:52:28.603;
[122/57] PONG (1);


2024-09-10;
17:52:30.563;
[58] PING;
17:52:30.927;
[124/58] PONG (1);


2024-09-10;
17:52:30.927;
[55] PING;
17:52:31.162;
[125/55] PONG (2);


2024-09-10;
17:52:33.087;
[56] PING;
17:52:33.413;
[126/56] PONG (2);


2024-09-10;
17:52:33.508;
[59] PING;
17:52:34.423;
[127/59] PONG (1);


2024-09-10;
17:52:35.739;
[57] PING;
17:52:36.201;
[129/57] PONG (2);


2024-09-10;
17:52:37.354;
[60] PING;
17:52:37.841;
[130/60] PONG (1);


2024-09-10;
17:52:38.310;
[61] PING;
17:52:38.672;
[131/61] PONG (1);


2024-09-10;
17:52:38.672;
[58] PING;
17:52:39.466;
[132/58] PONG (2);


2024-09-10;
17:52:40.791;
[62] PING;
17:52:41.328;
[134/62] PONG (1);


2024-09-10;
17:52:42.338;
[59] PING;
17:52:43.126;
[135/59] PONG (2);


2024-09-10;
17:52:43.518;
[60] PING;
17:52:44.242;
[136/60] PONG (2);


2024-09-10;
17:52:44.242;
[63] PING;
(проигнорировано);
(проигнорировано);


2024-09-10;
17:52:45.710;
[61] PING;
17:52:46.657;
[138/61] PONG (2);


2024-09-10;
17:52:46.979;
[62] PING;
17:52:47.149;
[139/62] PONG (2);


2024-09-10;
17:52:48.093;
[63] PING;
17:52:48.228;
[140/63] PONG (2);


2024-09-10;
17:52:48.341;
[64] PING;
17:52:49.276;
[141/64] PONG (1);


2024-09-10;
17:52:50.725;
[64] PING;
17:52:51.186;
[143/64] PONG (2);


2024-09-10;
17:52:51.186;
[65] PING;
(проигнорировано);
(проигнорировано);


2024-09-10;
17:52:53.612;
[65] PING;
(проигнорировано);
(проигнорировано);


2024-09-10;
17:52:54.399;
[66] PING;
(проигнорировано);
(проигнорировано);


2024-09-10;
17:52:57.257;
[66] PING;
17:52:57.980;
[145/66] PONG (2);


2024-09-10;
17:52:57.981;
[67] PING;
(проигнорировано);
(проигнорировано);


2024-09-10;
17:52:59.328;
[67] PING;
17:52:59.743;
[146/67] PONG (2);


2024-09-10;
17:53:00.286;
[68] PING;
17:53:00.412;
[148/68] PONG (1);


2024-09-10;
17:53:00.413;
[68] PING;
17:53:00.936;
[149/68] PONG (2);


2024-09-10;
17:53:02.622;
[69] PING;
17:53:03.465;
[150/69] PONG (2);


2024-09-10;
17:53:03.465;
[69] PING;
(проигнорировано);
(проигнорировано);


2024-09-10;
17:53:05.034;
[70] PING;
17:53:05.364;
[152/70] PONG (2);


2024-09-10;
17:53:07.737;
[71] PING;
(проигнорировано);
(проигнорировано);


2024-09-10;
17:53:08.387;
[70] PING;
17:53:08.529;
[153/70] PONG (1);


2024-09-10;
17:53:10.648;
[71] PING;
17:53:11.037;
[155/71] PONG (1);


2024-09-10;
17:53:11.038;
[72] PING;
17:53:11.205;
[156/72] PONG (2);


2024-09-10;
17:53:12.199;
[72] PING;
17:53:13.189;
[157/72] PONG (1);


2024-09-10;
17:53:14.132;
[73] PING;
17:53:14.740;
[158/73] PONG (2);


2024-09-10;
17:53:14.741;
[73] PING;
17:53:15.300;
[159/73] PONG (1);


2024-09-10;
17:53:17.069;
[74] PING;
(проигнорировано);
(проигнорировано);


2024-09-10;
17:53:17.796;
[74] PING;
17:53:18.089;
[161/74] PONG (1);


2024-09-10;
17:53:19.639;
[75] PING;
17:53:20.605;
[162/75] PONG (1);


2024-09-10;
17:53:20.606;
[75] PING;
17:53:21.046;
[163/75] PONG (2);


2024-09-10;
17:53:21.805;
[76] PING;
17:53:22.521;
[165/76] PONG (1);


2024-09-10;
17:53:23.491;
[76] PING;
17:53:24.004;
[166/76] PONG (2);


2024-09-10;
17:53:24.004;
[77] PING;
17:53:24.241;
[167/77] PONG (1);


2024-09-10;
17:53:25.107;
[77] PING;
17:53:25.605;
[168/77] PONG (2);


2024-09-10;
17:53:25.606;
[78] PING;
17:53:26.149;
[169/78] PONG (1);


2024-09-10;
17:53:27.472;
[79] PING;
17:53:27.736;
[171/79] PONG (1);


2024-09-10;
17:53:28.334;
[78] PING;
17:53:29.191;
[172/78] PONG (2);


2024-09-10;
17:53:30.692;
[80] PING;
17:53:31.515;
[173/80] PONG (1);


2024-09-10;
17:53:31.997;
[79] PING;
(проигнорировано);
(проигнорировано);


2024-09-10;
17:53:32.039;
[81] PING;
17:53:32.476;
[175/81] PONG (1);


2024-09-10;
17:53:33.931;
[82] PING;
17:53:34.335;
[176/82] PONG (1);


2024-09-10;
17:53:34.456;
[80] PING;
17:53:35.102;
[177/80] PONG (2);


2024-09-10;
17:53:35.416;
[83] PING;
17:53:36.263;
[178/83] PONG (1);


2024-09-10;
17:53:36.263;
[81] PING;
17:53:36.909;
[179/81] PONG (2);


2024-09-10;
17:53:37.467;
[84] PING;
17:53:38.281;
[181/84] PONG (1);


2024-09-10;
17:53:38.282;
[82] PING;
17:53:39.112;
[182/82] PONG (2);


2024-09-10;
17:53:39.780;
[83] PING;
17:53:40.660;
[183/83] PONG (2);


2024-09-10;
17:53:40.660;
[85] PING;
17:53:40.851;
[184/85] PONG (1);


2024-09-10;
17:53:41.194;
[84] PING;
17:53:42.141;
[185/84] PONG (2);


2024-09-10;
17:53:42.141;
[86] PING;
17:53:42.838;
[186/86] PONG (1);


2024-09-10;
17:53:43.395;
[85] PING;
17:53:43.546;
[188/85] PONG (2);


2024-09-10;
17:53:44.063;
[87] PING;
17:53:44.640;
[189/87] PONG (1);


2024-09-10;
17:53:45.647;
[88] PING;
17:53:46.264;
[190/88] PONG (1);


2024-09-10;
17:53:46.340;
[86] PING;
17:53:46.857;
[191/86] PONG (2);


2024-09-10;
17:53:47.164;
[87] PING;
(проигнорировано);
(проигнорировано);


2024-09-10;
17:53:48.419;
[89] PING;
17:53:48.926;
[193/89] PONG (1);


2024-09-10;
17:53:51.066;
[90] PING;
17:53:51.520;
[194/90] PONG (1);


2024-09-10;
17:53:52.153;
[88] PING;
17:53:52.621;
[195/88] PONG (2);


2024-09-10;
17:53:54.329;
[91] PING;
17:53:55.223;
[197/91] PONG (1);


2024-09-10;
17:53:55.224;
[89] PING;
17:53:56.060;
[198/89] PONG (2);


2024-09-10;
17:53:57.919;
[90] PING;
17:53:58.680;
[200/90] PONG (2);


2024-09-10;
17:53:58.680;
[92] PING;
17:53:59.255;
[201/92] PONG (1);


2024-09-10;
17:54:00.996;
[91] PING;
17:54:01.560;
[202/91] PONG (2);


2024-09-10;
17:54:01.560;
[93] PING;
17:54:01.902;
[203/93] PONG (1);


2024-09-10;
17:54:02.644;
[94] PING;
17:54:03.496;
[204/94] PONG (1);


2024-09-10;
17:54:03.496;
[92] PING;
17:54:04.026;
[205/92] PONG (2);


2024-09-10;
17:54:05.244;
[93] PING;
17:54:05.637;
[207/93] PONG (2);


2024-09-10;
17:54:06.129;
[95] PING;
17:54:06.395;
[208/95] PONG (1);


2024-09-10;
17:54:06.800;
[96] PING;
17:54:07.074;
[209/96] PONG (1);


2024-09-10;
17:54:07.896;
[94] PING;
17:54:08.309;
[210/94] PONG (2);


2024-09-10;
17:54:09.258;
[97] PING;
17:54:09.386;
[212/97] PONG (1);


2024-09-10;
17:54:09.700;
[98] PING;
17:54:10.481;
[213/98] PONG (1);


2024-09-10;
17:54:10.481;
[95] PING;
17:54:10.805;
[214/95] PONG (2);


2024-09-10;
17:54:11.034;
[99] PING;
17:54:11.560;
[215/99] PONG (1);


2024-09-10;
17:54:12.773;
[96] PING;
17:54:13.645;
[216/96] PONG (2);


2024-09-10;
17:54:13.645;
[100] PING;
17:54:14.208;
[217/100] PONG (1);


2024-09-10;
17:54:15.205;
[97] PING;
17:54:16.167;
[219/97] PONG (2);


2024-09-10;
17:54:16.331;
[101] PING;
17:54:17.110;
[220/101] PONG (1);


2024-09-10;
17:54:17.777;
[102] PING;
17:54:18.567;
[221/102] PONG (1);


2024-09-10;
17:54:18.568;
[98] PING;
17:54:18.910;
[222/98] PONG (2);


2024-09-10;
17:54:19.549;
[103] PING;
17:54:19.908;
[224/103] PONG (1);


2024-09-10;
17:54:20.804;
[104] PING;
17:54:21.187;
[225/104] PONG (1);


2024-09-10;
17:54:21.188;
[99] PING;
17:54:21.712;
[226/99] PONG (2);


2024-09-10;
17:54:22.904;
[105] PING;
(проигнорировано);
(проигнорировано);


2024-09-10;
17:54:23.367;
[100] PING;
17:54:24.204;
[227/100] PONG (2);


2024-09-10;
17:54:26.509;
[106] PING;
17:54:27.469;
[229/106] PONG (1);


2024-09-10;
17:54:27.469;
[101] PING;
17:54:28.001;
[230/101] PONG (2);


2024-09-10;
17:54:28.439;
[107] PING;
17:54:29.264;
[231/107] PONG (1);


2024-09-10;
17:54:29.610;
[102] PING;
17:54:29.856;
[233/102] PONG (2);


2024-09-10;
17:54:30.713;
[108] PING;
17:54:31.664;
[234/108] PONG (1);


2024-09-10;
17:54:32.083;
[103] PING;
17:54:32.233;
[235/103] PONG (2);


2024-09-10;
17:54:32.719;
[109] PING;
17:54:33.193;
[236/109] PONG (1);


2024-09-10;
17:54:34.297;
[104] PING;
17:54:34.580;
[238/104] PONG (2);


2024-09-10;
17:54:34.866;
[110] PING;
(проигнорировано);
(проигнорировано);


2024-09-10;
17:54:36.839;
[105] PING;
17:54:37.396;
[239/105] PONG (2);


2024-09-10;
17:54:39.190;
[111] PING;
17:54:39.484;
[240/111] PONG (1);


2024-09-10;
17:54:39.823;
[112] PING;
17:54:40.606;
[242/112] PONG (1);


2024-09-10;
17:54:40.607;
[106] PING;
17:54:41.579;
[243/106] PONG (2);


2024-09-10;
17:54:41.580;
[113] PING;
17:54:42.431;
[244/113] PONG (1);


2024-09-10;
17:54:42.810;
[107] PING;
17:54:43.629;
[245/107] PONG (2);


2024-09-10;
17:54:44.064;
[114] PING;
17:54:44.665;
[246/114] PONG (1);


2024-09-10;
17:54:44.665;
[108] PING;
(проигнорировано);
(проигнорировано);


2024-09-10;
17:54:46.387;
[115] PING;
17:54:46.858;
[248/115] PONG (1);


2024-09-10;
17:54:46.905;
[109] PING;
(проигнорировано);
(проигнорировано);


2024-09-10;
17:54:47.196;
[116] PING;
17:54:47.739;
[249/116] PONG (1);


2024-09-10;
17:54:49.072;
[117] PING;
17:54:49.858;
[250/117] PONG (1);


2024-09-10;
17:54:50.029;
[110] PING;
17:54:50.957;
[252/110] PONG (2);


2024-09-10;
17:54:50.958;
[118] PING;
17:54:51.861;
[253/118] PONG (1);


2024-09-10;
17:54:51.861;
[111] PING;
17:54:51.984;
[254/111] PONG (2);


2024-09-10;
17:54:52.182;
[119] PING;
17:54:52.813;
[255/119] PONG (1);


2024-09-10;
17:54:53.269;
[120] PING;
17:54:53.837;
[256/120] PONG (1);


2024-09-10;
17:54:53.838;
[112] PING;
17:54:54.016;
[257/112] PONG (2);


2024-09-10;
17:54:54.901;
[121] PING;
17:54:55.137;
[259/121] PONG (1);


2024-09-10;
17:54:55.588;
[122] PING;
17:54:56.039;
[260/122] PONG (1);


2024-09-10;
17:54:56.039;
[113] PING;
17:54:56.198;
[261/113] PONG (2);


2024-09-10;
17:54:57.314;
[123] PING;
17:54:57.827;
[262/123] PONG (1);


2024-09-10;
17:54:58.269;
[114] PING;
17:54:59.063;
[263/114] PONG (2);


2024-09-10;
17:54:59.063;
[124] PING;
17:54:59.478;
[264/124] PONG (1);


2024-09-10;
17:54:59.562;
[115] PING;
(проигнорировано);
(проигнорировано);


2024-09-10;
17:55:02.113;
[125] PING;
17:55:02.891;
[266/125] PONG (1);


2024-09-10;
17:55:03.126;
[116] PING;
17:55:04.104;
[267/116] PONG (2);


2024-09-10;
17:55:04.791;
[126] PING;
17:55:05.373;
[268/126] PONG (1);


2024-09-10;
17:55:05.720;
[117] PING;
17:55:05.850;
[270/117] PONG (2);


2024-09-10;
17:55:05.984;
[127] PING;
17:55:06.540;
[271/127] PONG (1);


2024-09-10;
17:55:07.486;
[128] PING;
17:55:08.101;
[272/128] PONG (1);


2024-09-10;
17:55:08.101;
[118] PING;
17:55:08.383;
[273/118] PONG (2);


